<?xml version="1.0" encoding="UTF-8"?>
<!-- Generated by org.testng.reporters.JUnitReportReporter -->
<testsuite ignored="0" hostname="LAPTOP-EBA6134R" failures="0" tests="1" name="tests.CorrectUrl" time="0.017" errors="0" timestamp="17 lis 2018 18:35:23 GMT" skipped="0">
  <testcase classname="tests.CorrectUrl" name="testEasy" time="0.017"/>
</testsuite> <!-- tests.CorrectUrl -->
