<?xml version="1.0" encoding="UTF-8"?>
<!-- Generated by org.testng.reporters.JUnitReportReporter -->
<testsuite ignored="0" hostname="LAPTOP-EBA6134R" failures="0" tests="1" name="tests.LoginFailed_EmptyValues" time="8.485" errors="0" timestamp="17 lis 2018 22:14:50 GMT" skipped="0">
  <testcase classname="tests.LoginFailed_EmptyValues" name="testEasy" time="8.485"/>
</testsuite> <!-- tests.LoginFailed_EmptyValues -->
