<?xml version="1.0" encoding="UTF-8"?>
<!-- Generated by org.testng.reporters.JUnitReportReporter -->
<testsuite ignored="0" hostname="LAPTOP-EBA6134R" failures="0" tests="1" name="test1.NewTest" time="5.783" errors="0" timestamp="17 lis 2018 14:49:29 GMT" skipped="0">
  <testcase classname="test1.NewTest" name="testEasy" time="5.783"/>
</testsuite> <!-- test1.NewTest -->
