<?xml version="1.0" encoding="UTF-8"?>
<!-- Generated by org.testng.reporters.JUnitReportReporter -->
<testsuite ignored="0" hostname="LAPTOP-EBA6134R" failures="0" tests="1" name="tests.DownloadData" time="11.182" errors="0" timestamp="18 lis 2018 20:21:43 GMT" skipped="0">
  <testcase classname="tests.DownloadData" name="testEasy" time="11.182"/>
</testsuite> <!-- tests.DownloadData -->
