<?xml version="1.0" encoding="UTF-8"?>
<!-- Generated by org.testng.reporters.JUnitReportReporter -->
<testsuite ignored="0" hostname="LAPTOP-EBA6134R" failures="0" tests="1" name="tests.ToMail" time="8.833" errors="0" timestamp="18 lis 2018 13:17:25 GMT" skipped="0">
  <testcase classname="tests.ToMail" name="testEasy" time="8.833"/>
</testsuite> <!-- tests.ToMail -->
