<?xml version="1.0" encoding="UTF-8"?>
<!-- Generated by org.testng.reporters.JUnitReportReporter -->
<testsuite ignored="0" hostname="LAPTOP-EBA6134R" failures="0" tests="1" name="tests.Login" time="10.571" errors="0" timestamp="17 lis 2018 22:10:25 GMT" skipped="0">
  <testcase classname="tests.Login" name="testEasy" time="10.571"/>
</testsuite> <!-- tests.Login -->
