<?xml version="1.0" encoding="UTF-8"?>
<!-- Generated by org.testng.reporters.JUnitReportReporter -->
<testsuite ignored="0" hostname="LAPTOP-EBA6134R" failures="0" tests="1" name="tests.LoginFailed_Password" time="6.464" errors="0" timestamp="17 lis 2018 22:13:00 GMT" skipped="0">
  <testcase classname="tests.LoginFailed_Password" name="testEasy" time="6.464"/>
</testsuite> <!-- tests.LoginFailed_Password -->
